{
  "t": {
    "$date": "2023-09-21T08:26:16.829+00:00"
  },
  "s": "I",
  "c": "NETWORK",
  "id": 4333213,
  "ctx": "ReplicaSetMonitor-TaskExecutor",
  "msg": "RSM Topology Change",
  "attr": {
    "replicaSet": "cnfRepSet",
    "newTopologyDescription": "{ id: \"2535e40b-fc4b-4c06-8252-f0ed2731f646\", topologyType: \"ReplicaSetWithPrimary\", servers: { shard-configsvr-0.shard-configsvr-pods.demo.svc.cluster.local:27017: { address: \"shard-configsvr-0.shard-configsvr-pods.demo.svc.cluster.local:27017\", topologyVersion: { processId: ObjectId('650bbd3eb7ecc047d4ac0194'), counter: 4 }, roundTripTime: 176, lastWriteDate: new Date(1695283812000), opTime: { ts: Timestamp(1695283812, 34), t: 6 }, type: \"RSSecondary\", minWireVersion: 9, maxWireVersion: 9, me: \"shard-configsvr-0.shard-configsvr-pods.demo.svc.cluster.local:27017\", setName: \"cnfRepSet\", setVersion: 2, primary: \"shard-configsvr-1.shard-configsvr-pods.demo.svc.cluster.local:27017\", lastUpdateTime: new Date(1695284776697), logicalSessionTimeoutMinutes: 30, hosts: { 0: \"shard-configsvr-0.shard-configsvr-pods.demo.svc.cluster.local:27017\", 1: \"shard-configsvr-1.shard-configsvr-pods.demo.svc.cluster.local:27017\" }, arbiters: {}, passives: {} }, shard-configsvr-1.shard-configsvr-pods.demo.svc.cluster.local:27017: { address: \"shard-configsvr-1.shard-configsvr-pods.demo.svc.cluster.local:27017\", topologyVersion: { processId: ObjectId('650bbd3e73baad154555c366'), counter: 6 }, roundTripTime: 9223372036854775807, lastWriteDate: new Date(1695284776000), opTime: { ts: Timestamp(1695284776, 1), t: 6 }, type: \"RSPrimary\", minWireVersion: 9, maxWireVersion: 9, me: \"shard-configsvr-1.shard-configsvr-pods.demo.svc.cluster.local:27017\", setName: \"cnfRepSet\", setVersion: 2, electionId: ObjectId('7fffffff0000000000000006'), primary: \"shard-configsvr-1.shard-configsvr-pods.demo.svc.cluster.local:27017\", lastUpdateTime: new Date(1695284776829), logicalSessionTimeoutMinutes: 30, hosts: { 0: \"shard-configsvr-0.shard-configsvr-pods.demo.svc.cluster.local:27017\", 1: \"shard-configsvr-1.shard-configsvr-pods.demo.svc.cluster.local:27017\" }, arbiters: {}, passives: {} } }, logicalSessionTimeoutMinutes: 30, setName: \"cnfRepSet\", compatible: true, maxSetVersion: 2, maxElectionId: ObjectId('7fffffff0000000000000006') }",
    "previousTopologyDescription": "{ id: \"2535e40b-fc4b-4c06-8252-f0ed2731f646\", topologyType: \"ReplicaSetNoPrimary\", servers: { shard-configsvr-0.shard-configsvr-pods.demo.svc.cluster.local:27017: { address: \"shard-configsvr-0.shard-configsvr-pods.demo.svc.cluster.local:27017\", topologyVersion: { processId: ObjectId('650bbd3eb7ecc047d4ac0194'), counter: 4 }, roundTripTime: 176, lastWriteDate: new Date(1695283812000), opTime: { ts: Timestamp(1695283812, 34), t: 6 }, type: \"RSSecondary\", minWireVersion: 9, maxWireVersion: 9, me: \"shard-configsvr-0.shard-configsvr-pods.demo.svc.cluster.local:27017\", setName: \"cnfRepSet\", setVersion: 2, primary: \"shard-configsvr-1.shard-configsvr-pods.demo.svc.cluster.local:27017\", lastUpdateTime: new Date(1695284776697), logicalSessionTimeoutMinutes: 30, hosts: { 0: \"shard-configsvr-0.shard-configsvr-pods.demo.svc.cluster.local:27017\", 1: \"shard-configsvr-1.shard-configsvr-pods.demo.svc.cluster.local:27017\" }, arbiters: {}, passives: {} }, shard-configsvr-1.shard-configsvr-pods.demo.svc.cluster.local:27017: { address: \"shard-configsvr-1.shard-configsvr-pods.demo.svc.cluster.local:27017\", type: \"Unknown\", minWireVersion: 0, maxWireVersion: 0, lastUpdateTime: new Date(-9223372036854775808), hosts: {}, arbiters: {}, passives: {} } }, logicalSessionTimeoutMinutes: 30, setName: \"cnfRepSet\", compatible: true, maxSetVersion: 2, maxElectionId: ObjectId('7fffffff0000000000000006') }"
  }
}

{
  "t": {
    "$date": "2023-09-21T08:26:50.571+00:00"
  },
  "s": "I",
  "c": "NETWORK",
  "id": 4333213,
  "ctx": "ReplicaSetMonitor-TaskExecutor",
  "msg": "RSM Topology Change",
  "attr": {
    "replicaSet": "cnfRepSet",
    "newTopologyDescription": "{ id: \"2535e40b-fc4b-4c06-8252-f0ed2731f646\", topologyType: \"ReplicaSetNoPrimary\", servers: { shard-configsvr-0.shard-configsvr-pods.demo.svc.cluster.local:27017: { address: \"shard-configsvr-0.shard-configsvr-pods.demo.svc.cluster.local:27017\", topologyVersion: { processId: ObjectId('650bbd3eb7ecc047d4ac0194'), counter: 4 }, roundTripTime: 171, lastWriteDate: new Date(1695283812000), opTime: { ts: Timestamp(1695283812, 34), t: 6 }, type: \"RSSecondary\", minWireVersion: 9, maxWireVersion: 9, me: \"shard-configsvr-0.shard-configsvr-pods.demo.svc.cluster.local:27017\", setName: \"cnfRepSet\", setVersion: 2, primary: \"shard-configsvr-1.shard-configsvr-pods.demo.svc.cluster.local:27017\", lastUpdateTime: new Date(1695284806722), logicalSessionTimeoutMinutes: 30, hosts: { 0: \"shard-configsvr-0.shard-configsvr-pods.demo.svc.cluster.local:27017\", 1: \"shard-configsvr-1.shard-configsvr-pods.demo.svc.cluster.local:27017\" }, arbiters: {}, passives: {} }, shard-configsvr-1.shard-configsvr-pods.demo.svc.cluster.local:27017: { address: \"shard-configsvr-1.shard-configsvr-pods.demo.svc.cluster.local:27017\", type: \"Unknown\", minWireVersion: 0, maxWireVersion: 0, lastUpdateTime: new Date(-9223372036854775808), hosts: {}, arbiters: {}, passives: {} } }, logicalSessionTimeoutMinutes: 30, setName: \"cnfRepSet\", compatible: true, maxSetVersion: 2, maxElectionId: ObjectId('7fffffff0000000000000006') }",
    "previousTopologyDescription": "{ id: \"2535e40b-fc4b-4c06-8252-f0ed2731f646\", topologyType: \"ReplicaSetWithPrimary\", servers: { shard-configsvr-0.shard-configsvr-pods.demo.svc.cluster.local:27017: { address: \"shard-configsvr-0.shard-configsvr-pods.demo.svc.cluster.local:27017\", topologyVersion: { processId: ObjectId('650bbd3eb7ecc047d4ac0194'), counter: 4 }, roundTripTime: 171, lastWriteDate: new Date(1695283812000), opTime: { ts: Timestamp(1695283812, 34), t: 6 }, type: \"RSSecondary\", minWireVersion: 9, maxWireVersion: 9, me: \"shard-configsvr-0.shard-configsvr-pods.demo.svc.cluster.local:27017\", setName: \"cnfRepSet\", setVersion: 2, primary: \"shard-configsvr-1.shard-configsvr-pods.demo.svc.cluster.local:27017\", lastUpdateTime: new Date(1695284806722), logicalSessionTimeoutMinutes: 30, hosts: { 0: \"shard-configsvr-0.shard-configsvr-pods.demo.svc.cluster.local:27017\", 1: \"shard-configsvr-1.shard-configsvr-pods.demo.svc.cluster.local:27017\" }, arbiters: {}, passives: {} }, shard-configsvr-1.shard-configsvr-pods.demo.svc.cluster.local:27017: { address: \"shard-configsvr-1.shard-configsvr-pods.demo.svc.cluster.local:27017\", topologyVersion: { processId: ObjectId('650bbd3e73baad154555c366'), counter: 6 }, roundTripTime: 174, lastWriteDate: new Date(1695284806000), opTime: { ts: Timestamp(1695284806, 1), t: 6 }, type: \"RSPrimary\", minWireVersion: 9, maxWireVersion: 9, me: \"shard-configsvr-1.shard-configsvr-pods.demo.svc.cluster.local:27017\", setName: \"cnfRepSet\", setVersion: 2, electionId: ObjectId('7fffffff0000000000000006'), primary: \"shard-configsvr-1.shard-configsvr-pods.demo.svc.cluster.local:27017\", lastUpdateTime: new Date(1695284806846), logicalSessionTimeoutMinutes: 30, hosts: { 0: \"shard-configsvr-0.shard-configsvr-pods.demo.svc.cluster.local:27017\", 1: \"shard-configsvr-1.shard-configsvr-pods.demo.svc.cluster.local:27017\" }, arbiters: {}, passives: {} } }, logicalSessionTimeoutMinutes: 30, setName: \"cnfRepSet\", compatible: true, maxSetVersion: 2, maxElectionId: ObjectId('7fffffff0000000000000006') }"
  }
}