Stream closed EOF for mongo/stash-backup-mongo-backup-1695060015-0-s49cw (update-status-1)
mongodb-backup-4-4-6-0 I0918 18:00:16.127877       1 log.go:194] FLAG: --appbinding-namespace="mongo"
mongodb-backup-4-4-6-0 I0918 18:00:16.127881       1 log.go:194] FLAG: --authentication-database="admin"
mongodb-backup-4-4-6-0 I0918 18:00:16.127884       1 log.go:194] FLAG: --backupsession="mongo-backup-1695060015"
mongodb-backup-4-4-6-0 I0918 18:00:16.127888       1 log.go:194] FLAG: --bucket="vyrl-mongo-backup"
mongodb-backup-4-4-6-0 I0918 18:00:16.127891       1 log.go:194] FLAG: --enable-cache="true"
mongodb-backup-4-4-6-0 I0918 18:00:16.127895       1 log.go:194] FLAG: --endpoint="s3.amazonaws.com"
mongodb-backup-4-4-6-0 I0918 18:00:16.127898       1 log.go:194] FLAG: --help="false"
mongodb-backup-4-4-6-0 I0918 18:00:16.127901       1 log.go:194] FLAG: --hostname="host-0"
mongodb-backup-4-4-6-0 I0918 18:00:16.127904       1 log.go:194] FLAG: --kubeconfig=""
mongodb-backup-4-4-6-0 I0918 18:00:16.127908       1 log.go:194] FLAG: --license-apiservice="v1beta1.admission.stash.appscode.com"
mongodb-backup-4-4-6-0 I0918 18:00:16.127912       1 log.go:194] FLAG: --log-backtrace-at=":0"
mongodb-backup-4-4-6-0 I0918 18:00:16.127915       1 log.go:194] FLAG: --log-dir=""
mongodb-backup-4-4-6-0 I0918 18:00:16.127923       1 log.go:194] FLAG: --log-file=""
mongodb-backup-4-4-6-0 I0918 18:00:16.127926       1 log.go:194] FLAG: --log-file-max-size="1800"
mongodb-backup-4-4-6-0 I0918 18:00:16.127930       1 log.go:194] FLAG: --log-flush-frequency="5s"
mongodb-backup-4-4-6-0 I0918 18:00:16.127933       1 log.go:194] FLAG: --logtostderr="true"
mongodb-backup-4-4-6-0 I0918 18:00:16.127937       1 log.go:194] FLAG: --master=""
mongodb-backup-4-4-6-0 I0918 18:00:16.127940       1 log.go:194] FLAG: --max-concurrency="3"
mongodb-backup-4-4-6-0 I0918 18:00:16.127943       1 log.go:194] FLAG: --max-connections="0"
mongodb-backup-4-4-6-0 I0918 18:00:16.127946       1 log.go:194] FLAG: --mongo-args=""
mongodb-backup-4-4-6-0 I0918 18:00:16.127949       1 log.go:194] FLAG: --namespace="mongo"
mongodb-backup-4-4-6-0 I0918 18:00:16.127953       1 log.go:194] FLAG: --one-output="false"
mongodb-backup-4-4-6-0 I0918 18:00:16.127956       1 log.go:194] FLAG: --output-dir="/stash-tmp/output"
mongodb-backup-4-4-6-0 I0918 18:00:16.127959       1 log.go:194] FLAG: --path="/"
mongodb-backup-4-4-6-0 I0918 18:00:16.127962       1 log.go:194] FLAG: --provider="s3"
mongodb-backup-4-4-6-0 I0918 18:00:16.127965       1 log.go:194] FLAG: --region="us-west-2"
mongodb-backup-4-4-6-0 I0918 18:00:16.127969       1 log.go:194] FLAG: --retention-dry-run="false"
mongodb-backup-4-4-6-0 I0918 18:00:16.127972       1 log.go:194] FLAG: --retention-keep-daily="10"
mongodb-backup-4-4-6-0 I0918 18:00:16.127976       1 log.go:194] FLAG: --retention-keep-hourly="8"
mongodb-backup-4-4-6-0 I0918 18:00:16.127979       1 log.go:194] FLAG: --retention-keep-last="5"
mongodb-backup-4-4-6-0 I0918 18:00:16.127986       1 log.go:194] FLAG: --retention-keep-monthly="0"
mongodb-backup-4-4-6-0 I0918 18:00:16.127993       1 log.go:194] FLAG: --retention-keep-tags="[]"
mongodb-backup-4-4-6-0 I0918 18:00:16.127999       1 log.go:194] FLAG: --retention-keep-weekly="24"
mongodb-backup-4-4-6-0 I0918 18:00:16.128002       1 log.go:194] FLAG: --retention-keep-yearly="0"
mongodb-backup-4-4-6-0 I0918 18:00:16.128008       1 log.go:194] FLAG: --retention-prune="true"
mongodb-backup-4-4-6-0 I0918 18:00:16.128013       1 log.go:194] FLAG: --scratch-dir="/stash-tmp"
mongodb-backup-4-4-6-0 I0918 18:00:16.128018       1 log.go:194] FLAG: --skip-headers="false"
mongodb-backup-4-4-6-0 I0918 18:00:16.128021       1 log.go:194] FLAG: --skip-log-headers="false"
mongodb-backup-4-4-6-0 I0918 18:00:16.128027       1 log.go:194] FLAG: --stderrthreshold="2"
mongodb-backup-4-4-6-0 I0918 18:00:16.128031       1 log.go:194] FLAG: --storage-secret-name="***REDACTED***"
mongodb-backup-4-4-6-0 I0918 18:00:16.128036       1 log.go:194] FLAG: --storage-secret-namespace="***REDACTED***"
mongodb-backup-4-4-6-0 I0918 18:00:16.128039       1 log.go:194] FLAG: --v="0"
mongodb-backup-4-4-6-0 I0918 18:00:16.128045       1 log.go:194] FLAG: --vmodule=""
mongodb-backup-4-4-6-0 I0918 18:00:16.128049       1 log.go:194] FLAG: --wait-timeout="300"
mongodb-backup-4-4-6-0 W0918 18:00:16.128778       1 client_config.go:617] Neither --kubeconfig nor --master was specified.  Using the inClusterConfig.  This might not work.
mongodb-backup-4-4-6-0 I0918 18:00:16.203949       1 commands.go:100] Checking whether the backend repository exist or not....
mongodb-backup-4-4-6-0 [golang-sh]$ /bin/restic snapshots --json --no-lock --cache-dir /stash-tmp/restic-cache
mongodb-backup-4-4-6-0 I0918 18:00:16.971135       1 commands.go:428] sh-output: [{"time":"2023-09-14T23:55:21.22828735Z","tree":"efaaff96c4a1fec18702382f29ad16fa8163286f7dfd2bdf75e080e4ac8c24d8","paths":["/dump"],"hostname":"confighost","username":"nobody","uid":65534,"gid":65534,"id":"59102b8fd36c8d7f075a9c8b612fb81fc69b7122f9ec6a51d0f5c53f18116a0f","short_id":"59102b8f"},{"time":"2023-09-14T23:55:22.818844083Z","tree":"691935af75968b1b08ef69718d5239b43813a2adaba23af0bb7de26a0f83f651","paths":["/dump"],"hostname":"host-0","username":"nobody","uid":65534,"gid":65534,"id":"368e43d97734f6f3f2d5b9cf1f65f2767ab62ce3fabb16f0cc9cb1c6ed73c6e9","short_id":"368e43d9"},{"time":"2023-09-15T00:55:18.684732443Z","tree":"12354ba90c23ba636c909864d3377e752f93e039ce8b6c2828aa4789a6bb3f7d","paths":["/dump"],"hostname":"confighost","username":"nobody","uid":65534,"gid":65534,"id":"e5c79f9f453b15e1eea35f076e29b380a5b842cd045125d3f1bd3e7668d5706d","short_id":"e5c79f9f"},{"time":"2023-09-15T00:55:20.104115612Z","tree":"be060c79fb3c510e47624fb51b6fca35723911b8ea38d85a9d273b015adc5540","paths":["/dump"],"hostname":"host-0","username":"nobody","uid":65534,"gid":65534,"id":"f1f56dab1e432303ba138c6ed3f5f19ddba52cb44c2c05b164d264f55fa53247","short_id":"f1f56dab"},{"time":"2023-09-15T01:55:18.667247016Z","tree":"88d4294bb95ead94a193c8da4dd9f21b202ab803c7d885f70e787f423e18e45c","paths":["/dump"],"hostname":"confighost","username":"nobody","uid":65534,"gid":65534,"id":"c7679614085903e83c80331a8123326bdbd6ec254d3ab1842493b49eb98b4248","short_id":"c7679614"},{"time":"2023-09-15T01:55:20.138947242Z","tree":"94d100b55700ae089074ba5f54c1b9f1f9ba9f6d21a88bd3db7d77574aa684db","paths":["/dump"],"hostname":"host-0","username":"nobody","uid":65534,"gid":65534,"id":"73848fb55e9fcd93d06d0e2bfa2678d2124f0c379d03dc10f46e6ec8b1be0679","short_id":"73848fb5"},{"time":"2023-09-15T02:55:17.938167159Z","tree":"5cd79203dbc5bcac90087b6720fd6571bf0e363d1f56e9eec198fa0147523058","paths":["/dump"],"hostname":"confighost","username":"nobody","uid":65534,"gid":65534,"id":"c845e2a904df33dc3110c6baf982a01749697bc2b509b841a61be0fced7bb27f","short_id":"c845e2a9"},{"time":"2023-09-15T02:55:19.422815844Z","tree":"497740c04b35b90976a33c9cd1043f445c5c8ee1ce8ec8f8c6329df3a7878418","paths":["/dump"],"hostname":"host-0","username":"nobody","uid":65534,"gid":65534,"id":"2318d715aca8f9a5df6b7435ef309ead61e6adc8e9e7e616a018780c46b526f3","short_id":"2318d715"},{"time":"2023-09-15T03:55:18.654676909Z","tree":"d68213c012709b93fa33d99edb34521c0e5e634fcd91af4ec6435b193692b9a6","paths":["/dump"],"hostname":"confighost","username":"nobody","uid":65534,"gid":65534,"id":"0d958c06af849e97cedbeba10355120baad58df18f4ba9f8aa52207304fbb4b2","short_id":"0d958c06"},{"time":"2023-09-15T03:55:20.151358489Z","tree":"a918672792be8f5ac07c93de602c4c3227343c7a43ee2aa172fa02d31db32d9d","paths":["/dump"],"hostname":"host-0","username":"nobody","uid":65534,"gid":65534,"id":"145ceb61dd3ecf6f26b79f0758875ad277d940c11f370ddd871fb488e561e045","short_id":"145ceb61"},{"time":"2023-09-15T04:55:17.821232321Z","tree":"39b1b24701750801467fede3be0041951688eab17a5368b44ff66a95d53dd714","paths":["/dump"],"hostname":"confighost","username":"nobody","uid":65534,"gid":65534,"id":"2a1bbf9b2e2afc43f9fb7b5782f964e88fe891d25e36e4fa6726093e3198bd56","short_id":"2a1bbf9b"},{"time":"2023-09-15T04:55:19.365849301Z","tree":"35910be99ff515d3985371a0c3feef8895dea85692aa14ab72e9c1450c0fc738","paths":["/dump"],"hostname":"host-0","username":"nobody","uid":65534,"gid":65534,"id":"6e10bc3d3ffb0f5eea0d32285faa0acdbbab146b2b6043fce24b024d56ad5424","short_id":"6e10bc3d"},{"time":"2023-09-15T05:40:18.006544802Z","tree":"0e7acf6bfc79333a3dd3c5b8cb7c93fc349eaae4e87bdecbf99b98ea7805ec8f","paths":["/dump"],"hostname":"confighost","username":"nobody","uid":65534,"gid":65534,"id":"259f7f077ab7228a475b6168801d72f6e95c283c6866cc3bdb4d9818855a6dec","short_id":"259f7f07"},{"time":"2023-09-15T05:40:19.451933441Z","tree":"32358c3088ed00980abc54dcdf533414c01e1cf86e24fe5bad9e9baf976c4f9b","paths":["/dump"],"hostname":"host-0","username":"nobody","uid":65534,"gid":65534,"id":"e531d3ae5ab96810e96f340c4c52dbf345fe70b4e543764f2f09b6e98b53c864","short_id":"e531d3ae"},{"time":"2023-09-15T05:45:17.912082887Z","tree":"5ceca0f247144d5c0199af8afbfff9d2214741f19fd663516291566dde59369b","paths":["/dump"],"hostname":"confighost","username":"nobody","uid":65534,"gid":65534,"id":"90140c40190c69fd4ab13ca01d8a3c41c501ff1f5fa49f7a09680ead28878457","short_id":"90140c40"},{"time":"2023-09-15T05:45:19.363356981Z","tree":"d9454d58e67f80c65f97e3873223d3c0180511f40804557c84f762ce5622cf56","paths":["/dump"],"hostname":"host-0","username":"nobody","uid":65534,"gid":65534,"id":"d76133dd1e0b00e0ad01a8433a5edc204b90b89fad6e4aa71725317e02ceb418","short_id":"d76133dd"},{"time":"2023-09-15T05:50:18.596141786Z","tree":"417969d0b32ed9021ce2ec696b36e4407ffd559d762d853c380e2c2b52811b79","paths":["/dump"],"hostname":"confighost","username":"nobody","uid":65534,"gid":65534,"id":"8764bb8571a58c9111ae6d9a33442a1a86bfdba93f1c8ee2f505352aa074ec2a","short_id":"8764bb85"},{"time":"2023-09-15T05:50:20.106069487Z","tree":"3053aaab98d4f838f4047311c51bb822bfa07116b31ca3f498b16c9ff0d6398b","paths":["/dump"],"hostname":"host-0","username":"nobody","uid":65534,"gid":65534,"id":"052ecb87834589dbbf777d277b64578389bde47c6722c86354be1c8ab11066ed","short_id":"052ecb87"},{"time":"2023-09-15T05:55:17.837019703Z","tree":"81be5181b9818b3913830209405020addf6fa32f68a483180effdf1532cadf1d","paths":["/dump"],"hostname":"confighost","username":"nobody","uid":65534,"gid":65534,"id":"21f0c17e9a059844f95bee3fa784a3d0ed6e04bd295b8184b1b52d1fe3723e4a","short_id":"21f0c17e"},{"time":"2023-09-15T05:55:19.31515204Z","tree":"f48d71351087b219fe7c4a54079d12b085b94fbb06bc9b66d5115459f3cb6a4a","paths":["/dump"],"hostname":"host-0","username":"nobody","uid":65534,"gid":65534,"id":"bbdc744e63422c046021617f7caa46f0aaacd2ef80863e8c3c2231995734d965","short_id":"bbdc744e"},{"time":"2023-09-15T06:00:34.59641914Z","tree":"fd728198c64d7370f99eb1858232340b6833079a350c0295479490ff3556b0f9","paths":["/dump"],"hostname":"confighost","username":"nobody","uid":65534,"gid":65534,"id":"c05f4673132c1a58f9c3897873eceb3182a0ba68bd37d85927e2d8873901ca88","short_id":"c05f4673"},{"time":"2023-09-15T06:00:36.136858893Z","tree":"4a559bfb82302a6b33790ee99705ac21135192daa095d8c660c78d973cee26b2","paths":["/dump"],"hostname":"host-0","username":"nobody","uid":65534,"gid":65534,"id":"947e861624f701740cef3558807d2fc65f35056f91a319cf344d6549a23f6504","short_id":"947e8616"},{"time":"2023-09-15T06:03:10.468672449Z","tree":"8d07d39039d6d4a964cc54bf9108e8a60b164b1f7e6489ed63f22b4132fb3bd9","paths":["/dump"],"hostname":"confighost","username":"nobody","uid":65534,"gid":65534,"id":"515f66b9f1d481c65734f5be9bdcba7182eabc25b14b1be400f7402bc26d7d86","short_id":"515f66b9"},{"time":"2023-09-15T06:03:12.389828807Z","tree":"b195ca3f6cd69c1ccaee1bc8c54cbea51de0b2331acaeec79b2899bb59535d64","paths":["/dump"],"hostname":"host-0","username":"nobody","uid":65534,"gid":65534,"id":"2ac592c91becdbe8e16d8a436dbbbeea1cce314cb5575b3e542adfcf8ec63cb9","short_id":"2ac592c9"}]
mongodb-backup-4-4-6-0 
mongodb-backup-4-4-6-0 I0918 18:00:16.988647       1 backup.go:101] Waiting for the backend repository.....
mongodb-backup-4-4-6-0 I0918 18:00:17.004856       1 utils.go:75] Checking database connection
mongodb-backup-4-4-6-0 I0918 18:00:17.028897       1 backup.go:577] finding primary and secondary instances of cnfRepSet/mongo-configsvr-0.mongo-configsvr-pods.mongo.svc:27017,mongo-configsvr-1.mongo-configsvr-pods.mongo.svc:27017
mongodb-backup-4-4-6-0 I0918 18:00:17.131707       1 backup.go:619] Disabling balancer of  mongo.mongo.svc
mongodb-backup-4-4-6-0 I0918 18:01:17.241248       1 backup.go:652] Enabling balancer of  mongo.mongo.svc
mongodb-backup-4-4-6-0 E0918 18:02:17.349019       1 backup.go:535] invalid character 'e' looking for beginning of value



update-status-1 I0918 18:02:18.623738       1 log.go:194] FLAG: --add-dir-header="false"
update-status-1 I0918 18:02:18.623803       1 log.go:194] FLAG: --alsologtostderr="false"
update-status-1 I0918 18:02:18.623814       1 log.go:194] FLAG: --backupsession="mongo-backup-1695060015"
update-status-1 I0918 18:02:18.623817       1 log.go:194] FLAG: --bucket="vyrl-mongo-backup"
update-status-1 I0918 18:02:18.623821       1 log.go:194] FLAG: --bypass-validating-webhook-xray="false"
update-status-1 I0918 18:02:18.623825       1 log.go:194] FLAG: --enable-cache="true"
update-status-1 I0918 18:02:18.623829       1 log.go:194] FLAG: --endpoint="s3.amazonaws.com"
update-status-1 I0918 18:02:18.623832       1 log.go:194] FLAG: --help="false"
update-status-1 I0918 18:02:18.623836       1 log.go:194] FLAG: --invoker-kind="BackupConfiguration"
update-status-1 I0918 18:02:18.623840       1 log.go:194] FLAG: --invoker-name="mongo-backup"
update-status-1 I0918 18:02:18.623844       1 log.go:194] FLAG: --kubeconfig=""
update-status-1 I0918 18:02:18.623848       1 log.go:194] FLAG: --log-backtrace-at=":0"
update-status-1 I0918 18:02:18.623852       1 log.go:194] FLAG: --log-dir=""
update-status-1 I0918 18:02:18.623856       1 log.go:194] FLAG: --log-file=""
update-status-1 I0918 18:02:18.623860       1 log.go:194] FLAG: --log-file-max-size="1800"
update-status-1 I0918 18:02:18.623866       1 log.go:194] FLAG: --log-flush-frequency="5s"
update-status-1 I0918 18:02:18.623870       1 log.go:194] FLAG: --logtostderr="true"
update-status-1 I0918 18:02:18.623876       1 log.go:194] FLAG: --master=""
update-status-1 I0918 18:02:18.623879       1 log.go:194] FLAG: --max-connections="0"
update-status-1 I0918 18:02:18.623885       1 log.go:194] FLAG: --metrics-enabled="true"
update-status-1 I0918 18:02:18.623897       1 log.go:194] FLAG: --metrics-labels="[]"
update-status-1 I0918 18:02:18.623902       1 log.go:194] FLAG: --metrics-pushgateway-url="http://stash-stash-enterprise.kube-system.svc:56789"
update-status-1 I0918 18:02:18.623906       1 log.go:194] FLAG: --namespace="mongo"
update-status-1 I0918 18:02:18.623910       1 log.go:194] FLAG: --one-output="false"
update-status-1 I0918 18:02:18.623916       1 log.go:194] FLAG: --output-dir="/stash-tmp/output"
update-status-1 I0918 18:02:18.623919       1 log.go:194] FLAG: --path="/"
update-status-1 I0918 18:02:18.623923       1 log.go:194] FLAG: --provider="s3"
update-status-1 I0918 18:02:18.623930       1 log.go:194] FLAG: --region="us-west-2"
update-status-1 I0918 18:02:18.623935       1 log.go:194] FLAG: --scratch-dir="/stash-tmp"
update-status-1 I0918 18:02:18.623940       1 log.go:194] FLAG: --skip-headers="false"
update-status-1 I0918 18:02:18.623944       1 log.go:194] FLAG: --skip-log-headers="false"
update-status-1 I0918 18:02:18.623950       1 log.go:194] FLAG: --stderrthreshold="2"
update-status-1 I0918 18:02:18.623954       1 log.go:194] FLAG: --storage-secret-name="***REDACTED***"
update-status-1 I0918 18:02:18.623959       1 log.go:194] FLAG: --storage-secret-namespace="***REDACTED***"
update-status-1 I0918 18:02:18.623963       1 log.go:194] FLAG: --target-kind="AppBinding"
update-status-1 I0918 18:02:18.623969       1 log.go:194] FLAG: --target-name="mongo"
update-status-1 I0918 18:02:18.623973       1 log.go:194] FLAG: --target-namespace="mongo"
update-status-1 I0918 18:02:18.623979       1 log.go:194] FLAG: --use-kubeapiserver-fqdn-for-aks="true"
update-status-1 I0918 18:02:18.623982       1 log.go:194] FLAG: --v="0"
update-status-1 I0918 18:02:18.623988       1 log.go:194] FLAG: --vmodule=""
update-status-1 W0918 18:02:18.624947       1 client_config.go:617] Neither --kubeconfig nor --master was specified.  Using the inClusterConfig.  This might not work.
update-status-1 I0918 18:02:18.639763       1 status.go:69] Reading backup output from file: /stash-tmp/output/output.json
update-status-1 I0918 18:02:18.640011       1 status.go:100] Updating post backup status.......
update-status-1 I0918 18:02:18.705141       1 main.go:45] Exiting Stash Main
Stream closed EOF for mongo/stash-backup-mongo-backup-1695060015-0-s49cw (mongodb-backup-4-4-6-0)





[{"time":"2023-09-14T23:55:21.22828735Z","tree":"efaaff96c4a1fec18702382f29ad16fa8163286f7dfd2bdf75e080e4ac8c24d8","paths":["/dump"],"hostname":"confighost","username":"nobody","uid":65534,"gid":65534,"id":"59102b8fd36c8d7f075a9c8b612fb81fc69b7122f9ec6a51d0f5c53f18116a0f","short_id":"59102b8f"},{"time":"2023-09-14T23:55:22.818844083Z","tree":"691935af75968b1b08ef69718d5239b43813a2adaba23af0bb7de26a0f83f651","paths":["/dump"],"hostname":"host-0","username":"nobody","uid":65534,"gid":65534,"id":"368e43d97734f6f3f2d5b9cf1f65f2767ab62ce3fabb16f0cc9cb1c6ed73c6e9","short_id":"368e43d9"},{"time":"2023-09-15T00:55:18.684732443Z","tree":"12354ba90c23ba636c909864d3377e752f93e039ce8b6c2828aa4789a6bb3f7d","paths":["/dump"],"hostname":"confighost","username":"nobody","uid":65534,"gid":65534,"id":"e5c79f9f453b15e1eea35f076e29b380a5b842cd045125d3f1bd3e7668d5706d","short_id":"e5c79f9f"},{"time":"2023-09-15T00:55:20.104115612Z","tree":"be060c79fb3c510e47624fb51b6fca35723911b8ea38d85a9d273b015adc5540","paths":["/dump"],"hostname":"host-0","username":"nobody","uid":65534,"gid":65534,"id":"f1f56dab1e432303ba138c6ed3f5f19ddba52cb44c2c05b164d264f55fa53247","short_id":"f1f56dab"},{"time":"2023-09-15T01:55:18.667247016Z","tree":"88d4294bb95ead94a193c8da4dd9f21b202ab803c7d885f70e787f423e18e45c","paths":["/dump"],"hostname":"confighost","username":"nobody","uid":65534,"gid":65534,"id":"c7679614085903e83c80331a8123326bdbd6ec254d3ab1842493b49eb98b4248","short_id":"c7679614"},{"time":"2023-09-15T01:55:20.138947242Z","tree":"94d100b55700ae089074ba5f54c1b9f1f9ba9f6d21a88bd3db7d77574aa684db","paths":["/dump"],"hostname":"host-0","username":"nobody","uid":65534,"gid":65534,"id":"73848fb55e9fcd93d06d0e2bfa2678d2124f0c379d03dc10f46e6ec8b1be0679","short_id":"73848fb5"},{"time":"2023-09-15T02:55:17.938167159Z","tree":"5cd79203dbc5bcac90087b6720fd6571bf0e363d1f56e9eec198fa0147523058","paths":["/dump"],"hostname":"confighost","username":"nobody","uid":65534,"gid":65534,"id":"c845e2a904df33dc3110c6baf982a01749697bc2b509b841a61be0fced7bb27f","short_id":"c845e2a9"},{"time":"2023-09-15T02:55:19.422815844Z","tree":"497740c04b35b90976a33c9cd1043f445c5c8ee1ce8ec8f8c6329df3a7878418","paths":["/dump"],"hostname":"host-0","username":"nobody","uid":65534,"gid":65534,"id":"2318d715aca8f9a5df6b7435ef309ead61e6adc8e9e7e616a018780c46b526f3","short_id":"2318d715"},{"time":"2023-09-15T03:55:18.654676909Z","tree":"d68213c012709b93fa33d99edb34521c0e5e634fcd91af4ec6435b193692b9a6","paths":["/dump"],"hostname":"confighost","username":"nobody","uid":65534,"gid":65534,"id":"0d958c06af849e97cedbeba10355120baad58df18f4ba9f8aa52207304fbb4b2","short_id":"0d958c06"},{"time":"2023-09-15T03:55:20.151358489Z","tree":"a918672792be8f5ac07c93de602c4c3227343c7a43ee2aa172fa02d31db32d9d","paths":["/dump"],"hostname":"host-0","username":"nobody","uid":65534,"gid":65534,"id":"145ceb61dd3ecf6f26b79f0758875ad277d940c11f370ddd871fb488e561e045","short_id":"145ceb61"},{"time":"2023-09-15T04:55:17.821232321Z","tree":"39b1b24701750801467fede3be0041951688eab17a5368b44ff66a95d53dd714","paths":["/dump"],"hostname":"confighost","username":"nobody","uid":65534,"gid":65534,"id":"2a1bbf9b2e2afc43f9fb7b5782f964e88fe891d25e36e4fa6726093e3198bd56","short_id":"2a1bbf9b"},{"time":"2023-09-15T04:55:19.365849301Z","tree":"35910be99ff515d3985371a0c3feef8895dea85692aa14ab72e9c1450c0fc738","paths":["/dump"],"hostname":"host-0","username":"nobody","uid":65534,"gid":65534,"id":"6e10bc3d3ffb0f5eea0d32285faa0acdbbab146b2b6043fce24b024d56ad5424","short_id":"6e10bc3d"},{"time":"2023-09-15T05:40:18.006544802Z","tree":"0e7acf6bfc79333a3dd3c5b8cb7c93fc349eaae4e87bdecbf99b98ea7805ec8f","paths":["/dump"],"hostname":"confighost","username":"nobody","uid":65534,"gid":65534,"id":"259f7f077ab7228a475b6168801d72f6e95c283c6866cc3bdb4d9818855a6dec","short_id":"259f7f07"},{"time":"2023-09-15T05:40:19.451933441Z","tree":"32358c3088ed00980abc54dcdf533414c01e1cf86e24fe5bad9e9baf976c4f9b","paths":["/dump"],"hostname":"host-0","username":"nobody","uid":65534,"gid":65534,"id":"e531d3ae5ab96810e96f340c4c52dbf345fe70b4e543764f2f09b6e98b53c864","short_id":"e531d3ae"},{"time":"2023-09-15T05:45:17.912082887Z","tree":"5ceca0f247144d5c0199af8afbfff9d2214741f19fd663516291566dde59369b","paths":["/dump"],"hostname":"confighost","username":"nobody","uid":65534,"gid":65534,"id":"90140c40190c69fd4ab13ca01d8a3c41c501ff1f5fa49f7a09680ead28878457","short_id":"90140c40"},{"time":"2023-09-15T05:45:19.363356981Z","tree":"d9454d58e67f80c65f97e3873223d3c0180511f40804557c84f762ce5622cf56","paths":["/dump"],"hostname":"host-0","username":"nobody","uid":65534,"gid":65534,"id":"d76133dd1e0b00e0ad01a8433a5edc204b90b89fad6e4aa71725317e02ceb418","short_id":"d76133dd"},{"time":"2023-09-15T05:50:18.596141786Z","tree":"417969d0b32ed9021ce2ec696b36e4407ffd559d762d853c380e2c2b52811b79","paths":["/dump"],"hostname":"confighost","username":"nobody","uid":65534,"gid":65534,"id":"8764bb8571a58c9111ae6d9a33442a1a86bfdba93f1c8ee2f505352aa074ec2a","short_id":"8764bb85"},{"time":"2023-09-15T05:50:20.106069487Z","tree":"3053aaab98d4f838f4047311c51bb822bfa07116b31ca3f498b16c9ff0d6398b","paths":["/dump"],"hostname":"host-0","username":"nobody","uid":65534,"gid":65534,"id":"052ecb87834589dbbf777d277b64578389bde47c6722c86354be1c8ab11066ed","short_id":"052ecb87"},{"time":"2023-09-15T05:55:17.837019703Z","tree":"81be5181b9818b3913830209405020addf6fa32f68a483180effdf1532cadf1d","paths":["/dump"],"hostname":"confighost","username":"nobody","uid":65534,"gid":65534,"id":"21f0c17e9a059844f95bee3fa784a3d0ed6e04bd295b8184b1b52d1fe3723e4a","short_id":"21f0c17e"},{"time":"2023-09-15T05:55:19.31515204Z","tree":"f48d71351087b219fe7c4a54079d12b085b94fbb06bc9b66d5115459f3cb6a4a","paths":["/dump"],"hostname":"host-0","username":"nobody","uid":65534,"gid":65534,"id":"bbdc744e63422c046021617f7caa46f0aaacd2ef80863e8c3c2231995734d965","short_id":"bbdc744e"},{"time":"2023-09-15T06:00:34.59641914Z","tree":"fd728198c64d7370f99eb1858232340b6833079a350c0295479490ff3556b0f9","paths":["/dump"],"hostname":"confighost","username":"nobody","uid":65534,"gid":65534,"id":"c05f4673132c1a58f9c3897873eceb3182a0ba68bd37d85927e2d8873901ca88","short_id":"c05f4673"},{"time":"2023-09-15T06:00:36.136858893Z","tree":"4a559bfb82302a6b33790ee99705ac21135192daa095d8c660c78d973cee26b2","paths":["/dump"],"hostname":"host-0","username":"nobody","uid":65534,"gid":65534,"id":"947e861624f701740cef3558807d2fc65f35056f91a319cf344d6549a23f6504","short_id":"947e8616"},{"time":"2023-09-15T06:03:10.468672449Z","tree":"8d07d39039d6d4a964cc54bf9108e8a60b164b1f7e6489ed63f22b4132fb3bd9","paths":["/dump"],"hostname":"confighost","username":"nobody","uid":65534,"gid":65534,"id":"515f66b9f1d481c65734f5be9bdcba7182eabc25b14b1be400f7402bc26d7d86","short_id":"515f66b9"},{"time":"2023-09-15T06:03:12.389828807Z","tree":"b195ca3f6cd69c1ccaee1bc8c54cbea51de0b2331acaeec79b2899bb59535d64","paths":["/dump"],"hostname":"host-0","username":"nobody","uid":65534,"gid":65534,"id":"2ac592c91becdbe8e16d8a436dbbbeea1cce314cb5575b3e542adfcf8ec63cb9","short_id":"2ac592c9"}]